f:\vs程序\frist project\debug\frist project.pch
f:\vs程序\frist project\debug\vc120.pdb
f:\vs程序\frist project\debug\vc120.idb
f:\vs程序\frist project\debug\stdafx.obj
f:\vs程序\frist project\debug\frist project.obj
f:\vs程序\frist project\debug\menu.obj
f:\vs程序\frist project\debug\service.obj
f:\vs程序\frist project\debug\tool.obj
f:\vs程序\frist project\debug\vectorcard.obj
f:\vs程序\frist project\debug\frist project.pdb
f:\vs程序\frist project\debug\frist project.tlog\cl.command.1.tlog
f:\vs程序\frist project\debug\frist project.tlog\cl.read.1.tlog
f:\vs程序\frist project\debug\frist project.tlog\cl.write.1.tlog
f:\vs程序\frist project\debug\frist project.tlog\link-cvtres.read.1.tlog
f:\vs程序\frist project\debug\frist project.tlog\link-cvtres.write.1.tlog
f:\vs程序\frist project\debug\frist project.tlog\link-rc.read.1.tlog
f:\vs程序\frist project\debug\frist project.tlog\link-rc.write.1.tlog
f:\vs程序\frist project\debug\frist project.tlog\link.command.1.tlog
f:\vs程序\frist project\debug\frist project.tlog\link.read.1.tlog
f:\vs程序\frist project\debug\frist project.tlog\link.write.1.tlog
